2021-11-24 11:32:43,021 DEBUG [main] ChristmasGiftsSD:14 - URL Opened
2021-11-24 11:32:46,306 DEBUG [main] ChristmasGiftsSD:14 - christmas gifts button is clicked in page  Home page
2021-11-24 11:32:51,252 DEBUG [main] ChristmasGiftsSD:14 - socks button is clicked in page  christmas gifts
2021-11-24 11:32:54,205 DEBUG [main] ChristmasGiftsSD:14 - quantity button  is send in page socks page
2021-11-24 11:32:56,884 DEBUG [main] ChristmasGiftsSD:14 - cart button is clicked in page socks page
2021-11-24 11:32:59,661 DEBUG [main] ChristmasGiftsSD:14 - Close Button is clicked in page Cart Page
2021-11-24 11:33:02,776 DEBUG [main] ChristmasGiftsSD:14 - home button is clicked in page home page
2021-11-24 11:33:05,344 DEBUG [main] cache:45 - Couldn't find template in cache for "Extent.ftl"("en_US", UTF-8, parsed); will try to load it.
2021-11-24 11:33:05,346 DEBUG [main] cache:45 - TemplateLoader.findTemplateSource("Extent_en_US.ftl"): Not found
2021-11-24 11:33:05,347 DEBUG [main] cache:45 - TemplateLoader.findTemplateSource("Extent_en.ftl"): Not found
2021-11-24 11:33:05,348 DEBUG [main] cache:45 - TemplateLoader.findTemplateSource("Extent.ftl"): Found
2021-11-24 11:33:05,348 DEBUG [main] cache:45 - Loading template for "Extent.ftl"("en_US", UTF-8, parsed) from "jar:file:/C:/Users/Misbah/.m2/repository/com/relevantcodes/extentreports/2.41.2/extentreports-2.41.2.jar!/com/relevantcodes/extentreports/view/Extent.ftl"
2021-11-24 11:33:11,290 DEBUG [main] CorporateGiftsSD:14 - URL Opened
2021-11-24 11:33:14,392 DEBUG [main] CorporateGiftsSD:14 - Corporate Button is clicked in page Home Page
2021-11-24 11:33:16,888 DEBUG [main] CorporateGiftsSD:14 - name field is send in page corporate page
2021-11-24 11:33:17,133 DEBUG [main] CorporateGiftsSD:14 - email field is send in page corporate page
2021-11-24 11:33:17,504 DEBUG [main] CorporateGiftsSD:14 - phone field is send in page corporate page
2021-11-24 11:33:20,258 DEBUG [main] CorporateGiftsSD:14 - Submit Button is clicked in page Corporate Page
2021-11-24 11:33:22,674 DEBUG [main] cache:45 - Couldn't find template in cache for "Extent.ftl"("en_US", UTF-8, parsed); will try to load it.
2021-11-24 11:33:22,675 DEBUG [main] cache:45 - TemplateLoader.findTemplateSource("Extent_en_US.ftl"): Not found
2021-11-24 11:33:22,675 DEBUG [main] cache:45 - TemplateLoader.findTemplateSource("Extent_en.ftl"): Not found
2021-11-24 11:33:22,676 DEBUG [main] cache:45 - TemplateLoader.findTemplateSource("Extent.ftl"): Found
2021-11-24 11:33:22,676 DEBUG [main] cache:45 - Loading template for "Extent.ftl"("en_US", UTF-8, parsed) from "jar:file:/C:/Users/Misbah/.m2/repository/com/relevantcodes/extentreports/2.41.2/extentreports-2.41.2.jar!/com/relevantcodes/extentreports/view/Extent.ftl"
2021-11-24 11:33:28,654 DEBUG [main] DiwaliSD:14 - URL Opened
2021-11-24 11:33:32,031 DEBUG [main] DiwaliSD:14 - diwali Gift button is clicked in page Home page
2021-11-24 11:33:37,914 DEBUG [main] DiwaliSD:14 - Diya Curtain LED Lights is clicked in page result page
2021-11-24 11:33:40,451 DEBUG [main] DiwaliSD:14 - Quantity Field is send in page Cart Page
2021-11-24 11:33:41,063 DEBUG [main] DiwaliSD:14 - Add to cart is clicked in page Cart page
2021-11-24 11:33:43,751 DEBUG [main] DiwaliSD:14 - Close Button is clicked in page Cart Page
2021-11-24 11:33:46,860 DEBUG [main] DiwaliSD:14 - Bigsmall pic is clicked in page cart
2021-11-24 11:33:49,296 DEBUG [main] cache:45 - Couldn't find template in cache for "Extent.ftl"("en_US", UTF-8, parsed); will try to load it.
2021-11-24 11:33:49,297 DEBUG [main] cache:45 - TemplateLoader.findTemplateSource("Extent_en_US.ftl"): Not found
2021-11-24 11:33:49,297 DEBUG [main] cache:45 - TemplateLoader.findTemplateSource("Extent_en.ftl"): Not found
2021-11-24 11:33:49,298 DEBUG [main] cache:45 - TemplateLoader.findTemplateSource("Extent.ftl"): Found
2021-11-24 11:33:49,298 DEBUG [main] cache:45 - Loading template for "Extent.ftl"("en_US", UTF-8, parsed) from "jar:file:/C:/Users/Misbah/.m2/repository/com/relevantcodes/extentreports/2.41.2/extentreports-2.41.2.jar!/com/relevantcodes/extentreports/view/Extent.ftl"
2021-11-24 11:33:55,426 DEBUG [main] GiftsSD:14 - URL Opened
2021-11-24 11:33:58,700 DEBUG [main] GiftsSD:14 - Gifts For Girls is clicked in page Home Page
2021-11-24 11:34:04,908 DEBUG [main] GiftsSD:14 - Scratch World Map is clicked in page result page
2021-11-24 11:34:07,450 DEBUG [main] GiftsSD:14 - quantity button  is send in page socks page
2021-11-24 11:34:08,023 DEBUG [main] GiftsSD:14 - cart button is clicked in page socks page
2021-11-24 11:34:10,635 DEBUG [main] GiftsSD:14 - Close Button is clicked in page Cart Page
2021-11-24 11:34:13,407 DEBUG [main] GiftsSD:14 - Bigsmall pic is clicked in page cart page
2021-11-24 11:34:15,873 DEBUG [main] cache:45 - Couldn't find template in cache for "Extent.ftl"("en_US", UTF-8, parsed); will try to load it.
2021-11-24 11:34:15,874 DEBUG [main] cache:45 - TemplateLoader.findTemplateSource("Extent_en_US.ftl"): Not found
2021-11-24 11:34:15,876 DEBUG [main] cache:45 - TemplateLoader.findTemplateSource("Extent_en.ftl"): Not found
2021-11-24 11:34:15,877 DEBUG [main] cache:45 - TemplateLoader.findTemplateSource("Extent.ftl"): Found
2021-11-24 11:34:15,877 DEBUG [main] cache:45 - Loading template for "Extent.ftl"("en_US", UTF-8, parsed) from "jar:file:/C:/Users/Misbah/.m2/repository/com/relevantcodes/extentreports/2.41.2/extentreports-2.41.2.jar!/com/relevantcodes/extentreports/view/Extent.ftl"
2021-11-24 11:34:21,043 DEBUG [main] HomeDecorSD:14 - URL Opened
2021-11-24 11:34:24,158 DEBUG [main] HomeDecorSD:14 - Home decor button is clicked in page  Home page
2021-11-24 11:34:29,725 DEBUG [main] HomeDecorSD:14 -  lamp button is clicked in page home decor page
2021-11-24 11:34:32,316 DEBUG [main] HomeDecorSD:14 - quantity button is send in page lamp page
2021-11-24 11:34:34,982 DEBUG [main] HomeDecorSD:14 - cart button is clicked in page lamp page
2021-11-24 11:34:37,662 DEBUG [main] HomeDecorSD:14 - Close Button is clicked in page Cart Page
2021-11-24 11:34:40,383 DEBUG [main] HomeDecorSD:14 - home button is clicked in page home page
2021-11-24 11:34:42,810 DEBUG [main] cache:45 - Couldn't find template in cache for "Extent.ftl"("en_US", UTF-8, parsed); will try to load it.
2021-11-24 11:34:42,812 DEBUG [main] cache:45 - TemplateLoader.findTemplateSource("Extent_en_US.ftl"): Not found
2021-11-24 11:34:42,812 DEBUG [main] cache:45 - TemplateLoader.findTemplateSource("Extent_en.ftl"): Not found
2021-11-24 11:34:42,813 DEBUG [main] cache:45 - TemplateLoader.findTemplateSource("Extent.ftl"): Found
2021-11-24 11:34:42,813 DEBUG [main] cache:45 - Loading template for "Extent.ftl"("en_US", UTF-8, parsed) from "jar:file:/C:/Users/Misbah/.m2/repository/com/relevantcodes/extentreports/2.41.2/extentreports-2.41.2.jar!/com/relevantcodes/extentreports/view/Extent.ftl"
2021-11-24 11:34:47,639 DEBUG [main] NewyearSD:14 - URL Opened
2021-11-24 11:34:50,772 DEBUG [main] NewyearSD:14 - newyear Gift button is clicked in page Home page
2021-11-24 11:34:56,411 DEBUG [main] NewyearSD:14 - Golf Coffee Mug is clicked in page result page
2021-11-24 11:34:58,912 DEBUG [main] NewyearSD:14 - Quantity Field is send in page Cart Page
2021-11-24 11:35:01,540 DEBUG [main] NewyearSD:14 - Add to cart is clicked in page Cart page
2021-11-24 11:35:04,193 DEBUG [main] NewyearSD:14 - Close Button is clicked in page Cart Page
2021-11-24 11:35:06,834 DEBUG [main] NewyearSD:14 - Bigsmall pic is clicked in page cart
2021-11-24 11:35:09,222 DEBUG [main] cache:45 - Couldn't find template in cache for "Extent.ftl"("en_US", UTF-8, parsed); will try to load it.
2021-11-24 11:35:09,223 DEBUG [main] cache:45 - TemplateLoader.findTemplateSource("Extent_en_US.ftl"): Not found
2021-11-24 11:35:09,224 DEBUG [main] cache:45 - TemplateLoader.findTemplateSource("Extent_en.ftl"): Not found
2021-11-24 11:35:09,224 DEBUG [main] cache:45 - TemplateLoader.findTemplateSource("Extent.ftl"): Found
2021-11-24 11:35:09,224 DEBUG [main] cache:45 - Loading template for "Extent.ftl"("en_US", UTF-8, parsed) from "jar:file:/C:/Users/Misbah/.m2/repository/com/relevantcodes/extentreports/2.41.2/extentreports-2.41.2.jar!/com/relevantcodes/extentreports/view/Extent.ftl"
2021-11-24 11:35:14,855 DEBUG [main] PersonalizedSD:14 - URL Opened
2021-11-24 11:35:18,271 DEBUG [main] PersonalizedSD:14 - Personalize Gift button is clicked in page Home page
2021-11-24 11:35:26,126 DEBUG [main] PersonalizedSD:14 - result is clicked in page Personalize Gift page
2021-11-24 11:35:28,620 DEBUG [main] PersonalizedSD:14 - Quantity Field is send in page Cart Page
2021-11-24 11:35:28,995 DEBUG [main] PersonalizedSD:14 - name Field is send in page Cart Page
2021-11-24 11:35:31,633 DEBUG [main] PersonalizedSD:14 - Add to cart is clicked in page Cart page
2021-11-24 11:35:36,596 DEBUG [main] PersonalizedSD:14 - home button is clicked in page home page
2021-11-24 11:35:39,016 DEBUG [main] cache:45 - Couldn't find template in cache for "Extent.ftl"("en_US", UTF-8, parsed); will try to load it.
2021-11-24 11:35:39,017 DEBUG [main] cache:45 - TemplateLoader.findTemplateSource("Extent_en_US.ftl"): Not found
2021-11-24 11:35:39,017 DEBUG [main] cache:45 - TemplateLoader.findTemplateSource("Extent_en.ftl"): Not found
2021-11-24 11:35:39,019 DEBUG [main] cache:45 - TemplateLoader.findTemplateSource("Extent.ftl"): Found
2021-11-24 11:35:39,019 DEBUG [main] cache:45 - Loading template for "Extent.ftl"("en_US", UTF-8, parsed) from "jar:file:/C:/Users/Misbah/.m2/repository/com/relevantcodes/extentreports/2.41.2/extentreports-2.41.2.jar!/com/relevantcodes/extentreports/view/Extent.ftl"
2021-11-24 11:35:44,979 DEBUG [main] RakhiSD:14 - URL Opened
2021-11-24 11:35:48,152 DEBUG [main] RakhiSD:14 - rakhi button is clicked in page Home page
2021-11-24 11:35:53,575 DEBUG [main] RakhiSD:14 - Bhaiya Ciao Rakhi is clicked in page result page
2021-11-24 11:35:56,114 DEBUG [main] RakhiSD:14 - Quantity Field is send in page Cart Page
2021-11-24 11:35:58,765 DEBUG [main] RakhiSD:14 - Add to cart is clicked in page Cart page
2021-11-24 11:36:01,383 DEBUG [main] RakhiSD:14 - Close Button is clicked in page Cart Page
2021-11-24 11:36:03,961 DEBUG [main] RakhiSD:14 - Bigsmall pic is clicked in page cart
2021-11-24 11:36:06,477 DEBUG [main] cache:45 - Couldn't find template in cache for "Extent.ftl"("en_US", UTF-8, parsed); will try to load it.
2021-11-24 11:36:06,478 DEBUG [main] cache:45 - TemplateLoader.findTemplateSource("Extent_en_US.ftl"): Not found
2021-11-24 11:36:06,478 DEBUG [main] cache:45 - TemplateLoader.findTemplateSource("Extent_en.ftl"): Not found
2021-11-24 11:36:06,478 DEBUG [main] cache:45 - TemplateLoader.findTemplateSource("Extent.ftl"): Found
2021-11-24 11:36:06,479 DEBUG [main] cache:45 - Loading template for "Extent.ftl"("en_US", UTF-8, parsed) from "jar:file:/C:/Users/Misbah/.m2/repository/com/relevantcodes/extentreports/2.41.2/extentreports-2.41.2.jar!/com/relevantcodes/extentreports/view/Extent.ftl"
2021-11-24 11:36:12,701 DEBUG [main] SecretSantaSD:14 - URL Opened
2021-11-24 11:36:16,241 DEBUG [main] SecretSantaSD:14 - secretsanta button is clicked in page  Home page
2021-11-24 11:36:21,120 DEBUG [main] SecretSantaSD:14 - tissue box  is clicked in page  secretsanta page
2021-11-24 11:36:23,655 DEBUG [main] SecretSantaSD:14 -  cart button is send in page tissue page
2021-11-24 11:36:26,284 DEBUG [main] SecretSantaSD:14 - cart button is clicked in page socks page
2021-11-24 11:36:28,907 DEBUG [main] SecretSantaSD:14 - Close Button is clicked in page Cart Page
2021-11-24 11:36:31,545 DEBUG [main] SecretSantaSD:14 - home button is clicked in page home page
2021-11-24 11:36:33,957 DEBUG [main] cache:45 - Couldn't find template in cache for "Extent.ftl"("en_US", UTF-8, parsed); will try to load it.
2021-11-24 11:36:33,958 DEBUG [main] cache:45 - TemplateLoader.findTemplateSource("Extent_en_US.ftl"): Not found
2021-11-24 11:36:33,959 DEBUG [main] cache:45 - TemplateLoader.findTemplateSource("Extent_en.ftl"): Not found
2021-11-24 11:36:33,960 DEBUG [main] cache:45 - TemplateLoader.findTemplateSource("Extent.ftl"): Found
2021-11-24 11:36:33,961 DEBUG [main] cache:45 - Loading template for "Extent.ftl"("en_US", UTF-8, parsed) from "jar:file:/C:/Users/Misbah/.m2/repository/com/relevantcodes/extentreports/2.41.2/extentreports-2.41.2.jar!/com/relevantcodes/extentreports/view/Extent.ftl"
2021-11-24 11:36:39,684 DEBUG [main] WhatsNewSD:14 - URL Opened
2021-11-24 11:36:42,736 DEBUG [main] WhatsNewSD:14 - Personalize Gift button is clicked in page Home page
2021-11-24 11:36:47,668 DEBUG [main] WhatsNewSD:14 - Travel Pocket Diary is clicked in page result page
2021-11-24 11:36:50,249 DEBUG [main] WhatsNewSD:14 - Quantity Field is send in page Cart Page
2021-11-24 11:36:52,952 DEBUG [main] WhatsNewSD:14 - Add to cart is clicked in page Cart page
2021-11-24 11:36:55,653 DEBUG [main] WhatsNewSD:14 - Close Button is clicked in page Cart Page
2021-11-24 11:36:58,378 DEBUG [main] WhatsNewSD:14 - Bigsmall pic is clicked in page cart
